Sending build context to Docker daemon  3.197MB
Step 1/8 : FROM r-base
 ---> a51ab79f0adf
Step 2/8 : RUN R -e "install.packages('haven',dependencies=TRUE, repos='http://cran.rstudio.com/')"
 ---> Using cache
 ---> 27cb393cc68b
Step 3/8 : RUN R -e "install.packages('tidyverse',dependencies=TRUE, repos='http://cran.rstudio.com/')"
 ---> Using cache
 ---> 776558f6a9be
Step 4/8 : RUN R -e "install.packages('gtsummary',dependencies=TRUE, repos='http://cran.rstudio.com/')"
 ---> Using cache
 ---> eb6ce0e44a59
Step 5/8 : COPY ./scripts /usr/local/src/myscripts
 ---> 5e394331c3e8
Step 6/8 : COPY ./data_sets /usr/local/src/myscripts/data_sets
 ---> 370279f185f6
Step 7/8 : WORKDIR /usr/local/src/myscripts
 ---> Running in 29de006f6899
Removing intermediate container 29de006f6899
 ---> a49cbc4b7909
Step 8/8 : CMD ["bash", "main.sh"]
 ---> Running in b3cf44bfa7a6
Removing intermediate container b3cf44bfa7a6
 ---> 4c81018d7d03
Successfully built 4c81018d7d03
Successfully tagged myscript:latest
