*********Starting Lesson 19



Starting Excercises 1 and 2
Starting Read
Read Complete
Original Data
# A tibble: 12 × 3
   ITEM1 ITEM2 ITEM3
   <dbl> <dbl> <dbl>
 1     2     1     4
 2     3     3     2
 3     5    NA    NA
 4     5     2     1
 5     3     4     2
 6     4     5     1
 7    NA     4     1
 8     4     3     1
 9     4     4     1
10     2     1     5
11     3     4     2
12     3     3     1
Data with reversed ITEM1
# A tibble: 12 × 3
   ITEM1 ITEM2 ITEM3
   <dbl> <dbl> <dbl>
 1     4     1     4
 2     3     3     2
 3     1    NA    NA
 4     1     2     1
 5     3     4     2
 6     2     5     1
 7    NA     4     1
 8     2     3     1
 9     2     4     1
10     4     1     5
11     3     4     2
12     3     3     1
Data new scale: mathatt
# A tibble: 12 × 4
   ITEM1 ITEM2 ITEM3 mathatt
   <dbl> <dbl> <dbl>   <dbl>
 1     4     1     4       9
 2     3     3     2       8
 3     1    NA    NA      NA
 4     1     2     1       4
 5     3     4     2       9
 6     2     5     1       8
 7    NA     4     1      NA
 8     2     3     1       6
 9     2     4     1       7
10     4     1     5      10
11     3     4     2       9
12     3     3     1       7



Starting Excercises 3,4, and 5
Starting Read
Read Complete
Original Data
# A tibble: 10 × 6
    DAY1  DAY2  DAY3  DAY4 JOBSTRES   AGE
   <dbl> <dbl> <dbl> <dbl>    <dbl> <dbl>
 1     1     1     1     1       16    22
 2     3     2     2     3       18    21
 3     0     0     0     1       16    24
 4     3     2     4     2       12    26
 5     2     2     2     2       20    30
 6     2     2     2     2       22    32
 7     0     0     1     1       24    35
 8     2     1     1     1       23    40
 9     6     8     8    12       30    41
10     0     0     0     1       40    52
Creating Age group variable
# A tibble: 10 × 7
    DAY1  DAY2  DAY3  DAY4 JOBSTRES   AGE age_group    
   <dbl> <dbl> <dbl> <dbl>    <dbl> <dbl> <fct>        
 1     1     1     1     1       16    22 20-29        
 2     3     2     2     3       18    21 20-29        
 3     0     0     0     1       16    24 20-29        
 4     3     2     4     2       12    26 20-29        
 5     2     2     2     2       20    30 30-39        
 6     2     2     2     2       22    32 30-39        
 7     0     0     1     1       24    35 30-39        
 8     2     1     1     1       23    40 40 and beyond
 9     6     8     8    12       30    41 40 and beyond
10     0     0     0     1       40    52 40 and beyond
Creating Job Stress Variable
# A tibble: 10 × 8
    DAY1  DAY2  DAY3  DAY4 JOBSTRES   AGE age_group     job_stress_group
   <dbl> <dbl> <dbl> <dbl>    <dbl> <dbl> <fct>         <fct>           
 1     1     1     1     1       16    22 20-29         high            
 2     3     2     2     3       18    21 20-29         high            
 3     0     0     0     1       16    24 20-29         high            
 4     3     2     4     2       12    26 20-29         high            
 5     2     2     2     2       20    30 30-39         high            
 6     2     2     2     2       22    32 30-39         low             
 7     0     0     1     1       24    35 30-39         low             
 8     2     1     1     1       23    40 40 and beyond low             
 9     6     8     8    12       30    41 40 and beyond low             
10     0     0     0     1       40    52 40 and beyond low             



Starting Excercises 6,7, and 8
Starting Read
Read Complete
Original Data
# A tibble: 20 × 3
   RATING BEHAVE PEER_REP
    <dbl>  <dbl>    <dbl>
 1     10   1.4        68
 2     25   2.65       50
 3     12   1.71       60
 4     29   4.68       31
 5     22   2.96       20
 6     17   3.28       50
 7      9   2.03       58
 8     27   4.37       36
 9     30   4.68       20
10     13   3.43       26
11     11   1.56       71
12     26   2.5        52
13     13   3.59       63
14     30   4.68       34
15     23   3.9        23
16     18   2.18       52
17     10   2.03       60
18     28   4.06       39
19     31   5          23
20     14   2.5        28
Computing z scores
Z scores
       RATING     BEHAVE   PEER_REP
1  -1.2447894 -1.5082833  1.4532499
2   0.6412552 -0.4367550  0.3984717
3  -0.9933168 -1.2425443  0.9844596
4   1.1442004  1.3034071 -0.7149052
5   0.2640462 -0.1710159 -1.3594918
6  -0.3646353  0.1032953  0.3984717
7  -1.3705257 -0.9682330  0.8672620
8   0.8927278  1.0376681 -0.4219113
9   1.2699367  1.3034071 -1.3594918
10 -0.8675805  0.2318787 -1.0078991
11 -1.1190531 -1.3711277  1.6290462
12  0.7669915 -0.5653384  0.5156693
13 -0.8675805  0.3690344  1.1602560
14  1.2699367  1.3034071 -0.5391088
15  0.3897826  0.6347734 -1.1836955
16 -0.2388990 -0.8396496  0.5156693
17 -1.2447894 -0.9682330  0.9844596
18  1.0184641  0.7719290 -0.2461149
19  1.3956730  1.5777183 -1.1836955
20 -0.7418442 -0.5653384 -0.8907015
Reversing Rating Variable
       RATING     BEHAVE   PEER_REP
1   1.2447894 -1.5082833  1.4532499
2  -0.6412552 -0.4367550  0.3984717
3   0.9933168 -1.2425443  0.9844596
4  -1.1442004  1.3034071 -0.7149052
5  -0.2640462 -0.1710159 -1.3594918
6   0.3646353  0.1032953  0.3984717
7   1.3705257 -0.9682330  0.8672620
8  -0.8927278  1.0376681 -0.4219113
9  -1.2699367  1.3034071 -1.3594918
10  0.8675805  0.2318787 -1.0078991
11  1.1190531 -1.3711277  1.6290462
12 -0.7669915 -0.5653384  0.5156693
13  0.8675805  0.3690344  1.1602560
14 -1.2699367  1.3034071 -0.5391088
15 -0.3897826  0.6347734 -1.1836955
16  0.2388990 -0.8396496  0.5156693
17  1.2447894 -0.9682330  0.9844596
18 -1.0184641  0.7719290 -0.2461149
19 -1.3956730  1.5777183 -1.1836955
20  0.7418442 -0.5653384 -0.8907015
Creating new variable for overall negative peer interaction
       RATING     BEHAVE   PEER_REP    NEG_PEER
1   1.2447894 -1.5082833  1.4532499  0.39658534
2  -0.6412552 -0.4367550  0.3984717 -0.22651279
3   0.9933168 -1.2425443  0.9844596  0.24507738
4  -1.1442004  1.3034071 -0.7149052 -0.18523283
5  -0.2640462 -0.1710159 -1.3594918 -0.59818467
6   0.3646353  0.1032953  0.3984717  0.28880079
7   1.3705257 -0.9682330  0.8672620  0.42318492
8  -0.8927278  1.0376681 -0.4219113 -0.09232366
9  -1.2699367  1.3034071 -1.3594918 -0.44200715
10  0.8675805  0.2318787 -1.0078991  0.03052005
11  1.1190531 -1.3711277  1.6290462  0.45899057
12 -0.7669915 -0.5653384  0.5156693 -0.27222017
13  0.8675805  0.3690344  1.1602560  0.79895695
14 -1.2699367  1.3034071 -0.5391088 -0.16854615
15 -0.3897826  0.6347734 -1.1836955 -0.31290154
16  0.2388990 -0.8396496  0.5156693 -0.02836044
17  1.2447894 -0.9682330  0.9844596  0.42033867
18 -1.0184641  0.7719290 -0.2461149 -0.16421665
19 -1.3956730  1.5777183 -1.1836955 -0.33388338
20  0.7418442 -0.5653384 -0.8907015 -0.23806523
Ending
