



******Starting Class 2023-12-18
Starting Read: Class Data Files
Read Complete
# A tibble: 60 × 5
   ManagerID Group       PreTrainingScore PostTrainingScore OverallScore
       <dbl> <chr+lbl>              <dbl>             <dbl>        <dbl>
 1         1 A [Group A]               55                65           60
 2         2 A [Group A]               50                63           57
 3         3 A [Group A]               53                68           62
 4         4 A [Group A]               83                70           65
 5         5 A [Group A]               52                64           58
 6         6 A [Group A]               54                67           61
 7         7 A [Group A]               56                71           63
 8         8 A [Group A]               58                72           66
 9         9 A [Group A]               51                65           59
10        10 A [Group A]               55                69           62
# ℹ 50 more rows
Rows: 60
Columns: 5
$ ManagerID         <dbl> 1, 2, 3, 4, 5, 6, 7, 8, 9, 10, 11, 12, 13, 14, 15, 1…
$ Group             <chr+lbl> "A", "A", "A", "A", "A", "A", "A", "A", "A", "A"…
$ PreTrainingScore  <dbl> 55, 50, 53, 83, 52, 54, 56, 58, 51, 55, 49, 53, 57, …
$ PostTrainingScore <dbl> 65, 63, 68, 70, 64, 67, 71, 72, 65, 69, 64, 68, 72, …
$ OverallScore      <dbl> 60, 57, 62, 65, 58, 61, 63, 66, 59, 62, 56, 60, 64, …
null device 
          1 

	One Sample t-test

data:  data$OverallScore
t = -1.9847, df = 59, p-value = 0.05184
alternative hypothesis: true mean is not equal to 60
95 percent confidence interval:
 57.89136 60.00864
sample estimates:
mean of x 
    58.95 


	Two Sample t-test

data:  groupA$OverallScore and groupB$OverallScore
t = 4.3532, df = 58, p-value = 5.521e-05
alternative hypothesis: true difference in means is not equal to 0
95 percent confidence interval:
 2.178713 5.887954
sample estimates:
mean of x mean of y 
 60.96667  56.93333 

Cohen D is
        t 
0.7947879 

	Paired t-test

data:  groupA$PostTrainingScore and groupA$PreTrainingScore
t = 14.245, df = 29, p-value = 1.262e-14
alternative hypothesis: true mean difference is not equal to 0
95 percent confidence interval:
 11.24777 15.01890
sample estimates:
mean difference 
       13.13333 

Cohen D is
       t 
2.600846 
