Starting Homework 1

Original Data
   Manager_ID Gender Motivation Commitment
1           1      M          7          8
2           2      M          8         14
3           3      M          5          7
4           4      M          1          0
5           5      M          4          5
6           6      M          5          7
7           7      M          5          6
8           8      M          8         10
9           9      M          8         11
10         10      M          6         12
11         11      F          4          4
12         12      F          5          8
13         13      F          8         15
14         14      F         10         18
15         15      F         10         14
16         16      F          1          2
17         17      F          1          1
18         18      F          3          4
19         19      F          5         12
20         20      F          0          2


Question 1
Adding Personality
Recoding Gender
New Data set with recoded Gender
   Manager_ID Gender Motivation Commitment Personality Gender_numeric
1           1      M          7          8         7.5              1
2           2      M          8         14        11.0              1
3           3      M          5          7         6.0              1
4           4      M          1          0         0.5              1
5           5      M          4          5         4.5              1
6           6      M          5          7         6.0              1
7           7      M          5          6         5.5              1
8           8      M          8         10         9.0              1
9           9      M          8         11         9.5              1
10         10      M          6         12         9.0              1
11         11      F          4          4         4.0              2
12         12      F          5          8         6.5              2
13         13      F          8         15        11.5              2
14         14      F         10         18        14.0              2
15         15      F         10         14        12.0              2
16         16      F          1          2         1.5              2
17         17      F          1          1         1.0              2
18         18      F          3          4         3.5              2
19         19      F          5         12         8.5              2
20         20      F          0          2         1.0              2

Selecting only Gender_numeric 2
   Manager_ID Gender Motivation Commitment Personality Gender_numeric
1          11      F          4          4         4.0              2
2          12      F          5          8         6.5              2
3          13      F          8         15        11.5              2
4          14      F         10         18        14.0              2
5          15      F         10         14        12.0              2
6          16      F          1          2         1.5              2
7          17      F          1          1         1.0              2
8          18      F          3          4         3.5              2
9          19      F          5         12         8.5              2
10         20      F          0          2         1.0              2


Graphs
  Var1 Freq
1    F   10
2    M   10
null device 
          1 
null device 
          1 
null device 
          1 
null device 
          1 
null device 
          1 


Descriptive Statistics for the entire data set
   Manager_ID       Gender            Motivation      Commitment  
 Min.   : 1.00   Length:20          Min.   : 0.00   Min.   : 0.0  
 1st Qu.: 5.75   Class :character   1st Qu.: 3.75   1st Qu.: 4.0  
 Median :10.50   Mode  :character   Median : 5.00   Median : 7.5  
 Mean   :10.50                      Mean   : 5.20   Mean   : 8.0  
 3rd Qu.:15.25                      3rd Qu.: 8.00   3rd Qu.:12.0  
 Max.   :20.00                      Max.   :10.00   Max.   :18.0  


Descriptive Statistics for Males
   Manager_ID       Gender            Motivation      Commitment  
 Min.   :11.00   Length:10          Min.   : 0.00   Min.   : 1.0  
 1st Qu.:13.25   Class :character   1st Qu.: 1.50   1st Qu.: 2.5  
 Median :15.50   Mode  :character   Median : 4.50   Median : 6.0  
 Mean   :15.50                      Mean   : 4.70   Mean   : 8.0  
 3rd Qu.:17.75                      3rd Qu.: 7.25   3rd Qu.:13.5  
 Max.   :20.00                      Max.   :10.00   Max.   :18.0  
  Personality    Gender_numeric
 Min.   : 1.00   1: 0          
 1st Qu.: 2.00   2:10          
 Median : 5.25                 
 Mean   : 6.35                 
 3rd Qu.:10.75                 
 Max.   :14.00                 


Descriptive Statistics for Females
   Manager_ID       Gender            Motivation     Commitment   
 Min.   : 1.00   Length:10          Min.   :1.00   Min.   : 0.00  
 1st Qu.: 3.25   Class :character   1st Qu.:5.00   1st Qu.: 6.25  
 Median : 5.50   Mode  :character   Median :5.50   Median : 7.50  
 Mean   : 5.50                      Mean   :5.70   Mean   : 8.00  
 3rd Qu.: 7.75                      3rd Qu.:7.75   3rd Qu.:10.75  
 Max.   :10.00                      Max.   :8.00   Max.   :14.00  
  Personality     Gender_numeric
 Min.   : 0.500   1:10          
 1st Qu.: 5.625   2: 0          
 Median : 6.750                 
 Mean   : 6.850                 
 3rd Qu.: 9.000                 
 Max.   :11.000                 
