******Starting Homework 2
   Employee_Type Gender Motivation Commitment
1              1      2          5          4
2              1      1          8          5
3              1      1          8          5
4              1      2          6          6
5              1      1          1          1
6              1      1          1          1
7              1      2          5          6
8              1      2          0          1
9              1      2          7          2
10             2      2          9          4
11             2      2          6          5
12             2      2          6          6
13             2      1          1          1
14             2      1          3          0
15             2      2          2          1
16             2      2          1          1
17             2      1          7          4
18             2      2          8          7
19             2      1          1          0
20             2      1          4          3
21             3      2          4          2
22             3      2          8          8
23             3      1         10          9
24             3      2         10          7
25             3      1          5          5
26             3      1          8          8
27             3      2          5          3
28             3      2          6          8
29             3      2          6          4
30             3      1          4          7
31             3      2         10          9
32             3      1          9         10


 Generating descriptive statistics
   Motivation       Commitment    
 Min.   : 0.000   Min.   : 0.000  
 1st Qu.: 3.750   1st Qu.: 1.750  
 Median : 6.000   Median : 4.500  
 Mean   : 5.438   Mean   : 4.469  
 3rd Qu.: 8.000   3rd Qu.: 7.000  
 Max.   :10.000   Max.   :10.000  

Frequencies for Employee_Type

 1  2  3 
 9 11 12 

Frequencies for Gender

 1  2 
14 18 


 Starting Question 1

	One Sample t-test

data:  data_frame$Motivation
t = 0.82367, df = 31, p-value = 0.4164
alternative hypothesis: true mean is not equal to 5
95 percent confidence interval:
 4.35419 6.52081
sample estimates:
mean of x 
   5.4375 

Standard Deviation was
[1] 3.004701
Cohen d was
        t 
0.1456052 
null device 
          1 


 Starting Question 2

	Two Sample t-test

data:  data_frame$Motivation by data_frame$Gender
t = -0.72075, df = 30, p-value = 0.4766
alternative hypothesis: true difference in means between group 1 and group 2 is not equal to 0
95 percent confidence interval:
 -2.981627  1.426071
sample estimates:
mean in group 1 mean in group 2 
       5.000000        5.777778 


	Welch Two Sample t-test

data:  data_frame$Motivation by data_frame$Gender
t = -0.70555, df = 25.48, p-value = 0.4869
alternative hypothesis: true difference in means between group 1 and group 2 is not equal to 0
95 percent confidence interval:
 -3.045987  1.490432
sample estimates:
mean in group 1 mean in group 2 
       5.000000        5.777778 

Coding gender as a categorical variable
Running Levene Test
Levene's Test for Homogeneity of Variance (center = median)
      Df F value Pr(>F)
group  1  1.8621 0.1825
      30               
null device 
          1 


 Starting Question 3

	Paired t-test

data:  data_frame$Motivation and data_frame$Commitment
t = 3.0365, df = 31, p-value = 0.00482
alternative hypothesis: true mean difference is not equal to 0
95 percent confidence interval:
 0.3180748 1.6194252
sample estimates:
mean difference 
        0.96875 

Cohen d was
        t 
0.5367834 
Standard Deviation for Motivation was
[1] 3.004701
Standard Deviation for Commitment was
[1] 2.929102
# A tibble: 64 × 4
   Employee_Type Gender Measurement value
           <dbl>  <dbl> <chr>       <dbl>
 1             1      2 Motivation      5
 2             1      2 Commitment      4
 3             1      1 Motivation      8
 4             1      1 Commitment      5
 5             1      1 Motivation      8
 6             1      1 Commitment      5
 7             1      2 Motivation      6
 8             1      2 Commitment      6
 9             1      1 Motivation      1
10             1      1 Commitment      1
# ℹ 54 more rows
null device 
          1 




******End Homework 2
